Building DAG of jobs...
Using shell: /bin/bash
Provided cores: 1 (use --cores to define parallelism)
Rules claiming more threads will be scaled down.
Job stats:
job                      count
---------------------  -------
parse_process_synergy        1
total                        1

Select jobs to execute...

[Tue Mar 26 04:31:18 2024]
rule parse_process_synergy:
    output: /home/grads/tasnina/Projects/Plug and Play/datasets/synergy/drugcomb_raw_summary.csv, /home/grads/tasnina/Projects/Plug and Play/datasets/synergy/drugcomb_drug_data.csv, /home/grads/tasnina/Projects/Plug and Play/datasets/synergy/drugcomb_cell_line_data.csv, /home/grads/tasnina/Projects/Plug and Play/datasets/synergy/drugcomb_mapped_summary.csv, /home/grads/tasnina/Projects/Plug and Play/inputs/drug/drug_name_to_pubchem_compound.pickle, /home/grads/tasnina/Projects/Plug and Play/inputs/synergy/synergy_scores.tsv, /home/grads/tasnina/Projects/Plug and Play/outputs/stat/synergy_stat.txt
    jobid: 0
    reason: Missing output files: /home/grads/tasnina/Projects/Plug and Play/datasets/synergy/drugcomb_mapped_summary.csv
    resources: tmpdir=/tmp

[Tue Mar 26 04:31:18 2024]
Error in rule parse_process_synergy:
    jobid: 0
    output: /home/grads/tasnina/Projects/Plug and Play/datasets/synergy/drugcomb_raw_summary.csv, /home/grads/tasnina/Projects/Plug and Play/datasets/synergy/drugcomb_drug_data.csv, /home/grads/tasnina/Projects/Plug and Play/datasets/synergy/drugcomb_cell_line_data.csv, /home/grads/tasnina/Projects/Plug and Play/datasets/synergy/drugcomb_mapped_summary.csv, /home/grads/tasnina/Projects/Plug and Play/inputs/drug/drug_name_to_pubchem_compound.pickle, /home/grads/tasnina/Projects/Plug and Play/inputs/synergy/synergy_scores.tsv, /home/grads/tasnina/Projects/Plug and Play/outputs/stat/synergy_stat.txt
    shell:
        data-processing/synergy_data_prep.py
        (one of the commands exited with non-zero exit code; note that snakemake uses bash strict mode!)

Shutting down, this might take some time.
Exiting because a job execution failed. Look above for error message
Complete log: .snakemake/log/2024-03-26T043118.663385.snakemake.log
