hello world
/home/tasnina/Projects/SynVerse/code
/home/tasnina/Projects/SynVerse/code/main.py:1: DeprecationWarning: 
Pyarrow will become a required dependency of pandas in the next major release of pandas (pandas 3.0),
(to allow more performant data types, such as the Arrow string type, and better interoperability with other libraries)
but was not found to be installed on your system.
If this would cause problems for you,
please provide us feedback at https://github.com/pandas-dev/pandas/issues/54466
        
  import pandas as pd
/home/tasnina/Projects/SynVerse/code/evaluation/split_generalized.py:296: SettingWithCopyWarning: 
A value is trying to be set on a copy of a slice from a DataFrame

See the caveats in the documentation: https://pandas.pydata.org/pandas-docs/stable/user_guide/indexing.html#returning-a-view-versus-a-copy
  test_df.drop(columns='ID', inplace=True)
/home/tasnina/Projects/SynVerse/code/evaluation/split_generalized.py:297: SettingWithCopyWarning: 
A value is trying to be set on a copy of a slice from a DataFrame

See the caveats in the documentation: https://pandas.pydata.org/pandas-docs/stable/user_guide/indexing.html#returning-a-view-versus-a-copy
  train_df.drop(columns='ID', inplace=True)
/home/tasnina/Projects/SynVerse/code/evaluation/split_generalized.py:320: SettingWithCopyWarning: 
A value is trying to be set on a copy of a slice from a DataFrame.
Try using .loc[row_indexer,col_indexer] = value instead

See the caveats in the documentation: https://pandas.pydata.org/pandas-docs/stable/user_guide/indexing.html#returning-a-view-versus-a-copy
  df['ID'] = list(range(len(df)))
/home/tasnina/Projects/SynVerse/code/evaluation/split_generalized.py:353: SettingWithCopyWarning: 
A value is trying to be set on a copy of a slice from a DataFrame

See the caveats in the documentation: https://pandas.pydata.org/pandas-docs/stable/user_guide/indexing.html#returning-a-view-versus-a-copy
  df.drop(columns=['ID'], inplace=True)
DEBUG:hpbandster.run_example_1.worker.tc-dgx004.2105136:WORKER: Connected to nameserver <Pyro4.core.Proxy at 0x15547418bee0; connected IPv4; for PYRO:Pyro.NameServer@127.0.0.1:9090>
DEBUG:hpbandster:wait_for_workers trying to get the condition
INFO:hpbandster:DISPATCHER: started the 'discover_worker' thread
INFO:hpbandster:DISPATCHER: started the 'job_runner' thread
DEBUG:hpbandster.run_example_1.worker.tc-dgx004.2105136:WORKER: No dispatcher found. Waiting for one to initiate contact.
INFO:hpbandster.run_example_1.worker.tc-dgx004.2105136:WORKER: start listening for jobs
INFO:hpbandster:DISPATCHER: Pyro daemon running on localhost:33455
DEBUG:hpbandster:DISPATCHER: Starting worker discovery
DEBUG:hpbandster:DISPATCHER: Found 1 potential workers, 0 currently in the pool.
INFO:hpbandster:DISPATCHER: discovered new worker, hpbandster.run_example_1.worker.tc-dgx004.210513623456247932736
DEBUG:hpbandster:HBMASTER: number of workers changed to 1
DEBUG:hpbandster:Enough workers to start this run!
DEBUG:hpbandster:adjust_queue_size: lock accquired
DEBUG:hpbandster:DISPATCHER: jobs to submit = 0, number of idle workers = 1 -> waiting!
INFO:hpbandster:HBMASTER: starting run at 1716915425.441777
INFO:hpbandster:HBMASTER: adjusted queue size to (0, 1)
DEBUG:hpbandster:DISPATCHER: Finished worker discovery
DEBUG:hpbandster:DISPATCHER: Trying to submit another job.
DEBUG:hpbandster:DISPATCHER: jobs to submit = 0, number of idle workers = 1 -> waiting!
DEBUG:hpbandster:start sampling a new configuration.
DEBUG:hpbandster:done sampling a new configuration.
DEBUG:hpbandster:HBMASTER: schedule new run for iteration 0
DEBUG:hpbandster:HBMASTER: trying submitting job (0, 0, 0) to dispatcher
DEBUG:hpbandster:HBMASTER: submitting job (0, 0, 0) to dispatcher
DEBUG:hpbandster:DISPATCHER: trying to submit job (0, 0, 0)
DEBUG:hpbandster:DISPATCHER: trying to notify the job_runner thread.
DEBUG:hpbandster:HBMASTER: job (0, 0, 0) submitted to dispatcher
DEBUG:hpbandster:HBMASTER: running jobs: 1, queue sizes: (0, 1) -> wait
DEBUG:hpbandster:DISPATCHER: Trying to submit another job.
DEBUG:hpbandster:DISPATCHER: starting job (0, 0, 0) on hpbandster.run_example_1.worker.tc-dgx004.210513623456247932736
DEBUG:hpbandster:DISPATCHER: job (0, 0, 0) dispatched on hpbandster.run_example_1.worker.tc-dgx004.210513623456247932736
DEBUG:hpbandster:DISPATCHER: jobs to submit = 0, number of idle workers = 0 -> waiting!
INFO:hpbandster.run_example_1.worker.tc-dgx004.2105136:WORKER: start processing job (0, 0, 0)
DEBUG:hpbandster.run_example_1.worker.tc-dgx004.2105136:WORKER: args: ()
DEBUG:hpbandster.run_example_1.worker.tc-dgx004.2105136:WORKER: kwargs: {'config': {'ff_0': 50, 'ff_num_layers': 1, 'gnn_0': 340, 'gnn_dropout': 0.4717229701860588, 'gnn_num_layers': 1, 'hid_0': 347, 'hid_dropout_rate': 0.21817571626400478, 'in_dropout_rate': 0.07306203233406938, 'lr': 0.005022498589663426, 'num_hid_layers': 1, 'optimizer': 'SGD', 'sgd_momentum': 0.3819463267069463}, 'budget': 27.0, 'working_directory': '.'}
DEBUG:hpbandster:DISPATCHER: Starting worker discovery
DEBUG:hpbandster:DISPATCHER: Found 1 potential workers, 1 currently in the pool.
DEBUG:hpbandster:DISPATCHER: Finished worker discovery
DEBUG:hpbandster:DISPATCHER: Starting worker discovery
DEBUG:hpbandster:DISPATCHER: Found 1 potential workers, 1 currently in the pool.
DEBUG:hpbandster:DISPATCHER: Finished worker discovery
DEBUG:hpbandster:DISPATCHER: Starting worker discovery
DEBUG:hpbandster:DISPATCHER: Found 1 potential workers, 1 currently in the pool.
DEBUG:hpbandster:DISPATCHER: Finished worker discovery
DEBUG:hpbandster:DISPATCHER: Starting worker discovery
DEBUG:hpbandster:DISPATCHER: Found 1 potential workers, 1 currently in the pool.
DEBUG:hpbandster:DISPATCHER: Finished worker discovery
DEBUG:hpbandster:DISPATCHER: Starting worker discovery
DEBUG:hpbandster:DISPATCHER: Found 1 potential workers, 1 currently in the pool.
DEBUG:hpbandster:DISPATCHER: Finished worker discovery
DEBUG:hpbandster:DISPATCHER: Starting worker discovery
DEBUG:hpbandster:DISPATCHER: Found 1 potential workers, 1 currently in the pool.
DEBUG:hpbandster:DISPATCHER: Finished worker discovery
DEBUG:hpbandster:DISPATCHER: Starting worker discovery
DEBUG:hpbandster:DISPATCHER: Found 1 potential workers, 1 currently in the pool.
DEBUG:hpbandster:DISPATCHER: Finished worker discovery
DEBUG:hpbandster:DISPATCHER: Starting worker discovery
DEBUG:hpbandster:DISPATCHER: Found 1 potential workers, 1 currently in the pool.
DEBUG:hpbandster:DISPATCHER: Finished worker discovery
DEBUG:hpbandster:DISPATCHER: Starting worker discovery
DEBUG:hpbandster:DISPATCHER: Found 1 potential workers, 1 currently in the pool.
DEBUG:hpbandster:DISPATCHER: Finished worker discovery
DEBUG:hpbandster:DISPATCHER: Starting worker discovery
DEBUG:hpbandster:DISPATCHER: Found 1 potential workers, 1 currently in the pool.
DEBUG:hpbandster:DISPATCHER: Finished worker discovery
DEBUG:hpbandster:DISPATCHER: Starting worker discovery
DEBUG:hpbandster:DISPATCHER: Found 1 potential workers, 1 currently in the pool.
DEBUG:hpbandster:DISPATCHER: Finished worker discovery
DEBUG:hpbandster:DISPATCHER: Starting worker discovery
DEBUG:hpbandster:DISPATCHER: Found 1 potential workers, 1 currently in the pool.
DEBUG:hpbandster:DISPATCHER: Finished worker discovery
DEBUG:hpbandster:DISPATCHER: Starting worker discovery
DEBUG:hpbandster:DISPATCHER: Found 1 potential workers, 1 currently in the pool.
DEBUG:hpbandster:DISPATCHER: Finished worker discovery
DEBUG:hpbandster:DISPATCHER: Starting worker discovery
DEBUG:hpbandster:DISPATCHER: Found 1 potential workers, 1 currently in the pool.
DEBUG:hpbandster:DISPATCHER: Finished worker discovery
DEBUG:hpbandster:DISPATCHER: Starting worker discovery
DEBUG:hpbandster:DISPATCHER: Found 1 potential workers, 1 currently in the pool.
DEBUG:hpbandster:DISPATCHER: Finished worker discovery
DEBUG:hpbandster:DISPATCHER: Starting worker discovery
DEBUG:hpbandster:DISPATCHER: Found 1 potential workers, 1 currently in the pool.
DEBUG:hpbandster:DISPATCHER: Finished worker discovery
DEBUG:hpbandster:DISPATCHER: Starting worker discovery
DEBUG:hpbandster:DISPATCHER: Found 1 potential workers, 1 currently in the pool.
DEBUG:hpbandster:DISPATCHER: Finished worker discovery
DEBUG:hpbandster:DISPATCHER: Starting worker discovery
DEBUG:hpbandster:DISPATCHER: Found 1 potential workers, 1 currently in the pool.
DEBUG:hpbandster:DISPATCHER: Finished worker discovery
DEBUG:hpbandster:DISPATCHER: Starting worker discovery
DEBUG:hpbandster:DISPATCHER: Found 1 potential workers, 1 currently in the pool.
DEBUG:hpbandster:DISPATCHER: Finished worker discovery
DEBUG:hpbandster:DISPATCHER: Starting worker discovery
DEBUG:hpbandster:DISPATCHER: Found 1 potential workers, 1 currently in the pool.
DEBUG:hpbandster:DISPATCHER: Finished worker discovery
DEBUG:hpbandster:DISPATCHER: Starting worker discovery
DEBUG:hpbandster:DISPATCHER: Found 1 potential workers, 1 currently in the pool.
DEBUG:hpbandster:DISPATCHER: Finished worker discovery
DEBUG:hpbandster:DISPATCHER: Starting worker discovery
DEBUG:hpbandster:DISPATCHER: Found 1 potential workers, 1 currently in the pool.
DEBUG:hpbandster:DISPATCHER: Finished worker discovery
DEBUG:hpbandster:DISPATCHER: Starting worker discovery
DEBUG:hpbandster:DISPATCHER: Found 1 potential workers, 1 currently in the pool.
DEBUG:hpbandster:DISPATCHER: Finished worker discovery
DEBUG:hpbandster:DISPATCHER: Starting worker discovery
DEBUG:hpbandster:DISPATCHER: Found 1 potential workers, 1 currently in the pool.
DEBUG:hpbandster:DISPATCHER: Finished worker discovery
DEBUG:hpbandster:DISPATCHER: Starting worker discovery
DEBUG:hpbandster:DISPATCHER: Found 1 potential workers, 1 currently in the pool.
DEBUG:hpbandster:DISPATCHER: Finished worker discovery
DEBUG:hpbandster:DISPATCHER: Starting worker discovery
DEBUG:hpbandster:DISPATCHER: Found 1 potential workers, 1 currently in the pool.
DEBUG:hpbandster:DISPATCHER: Finished worker discovery
DEBUG:hpbandster:DISPATCHER: Starting worker discovery
DEBUG:hpbandster:DISPATCHER: Found 1 potential workers, 1 currently in the pool.
DEBUG:hpbandster:DISPATCHER: Finished worker discovery
DEBUG:hpbandster:DISPATCHER: Starting worker discovery
DEBUG:hpbandster:DISPATCHER: Found 1 potential workers, 1 currently in the pool.
DEBUG:hpbandster:DISPATCHER: Finished worker discovery
DEBUG:hpbandster:DISPATCHER: Starting worker discovery
DEBUG:hpbandster:DISPATCHER: Found 1 potential workers, 1 currently in the pool.
DEBUG:hpbandster:DISPATCHER: Finished worker discovery
DEBUG:hpbandster:DISPATCHER: Starting worker discovery
DEBUG:hpbandster:DISPATCHER: Found 1 potential workers, 1 currently in the pool.
DEBUG:hpbandster:DISPATCHER: Finished worker discovery
DEBUG:hpbandster:DISPATCHER: Starting worker discovery
DEBUG:hpbandster:DISPATCHER: Found 1 potential workers, 1 currently in the pool.
DEBUG:hpbandster:DISPATCHER: Finished worker discovery
DEBUG:hpbandster:DISPATCHER: Starting worker discovery
DEBUG:hpbandster:DISPATCHER: Found 1 potential workers, 1 currently in the pool.
DEBUG:hpbandster:DISPATCHER: Finished worker discovery
DEBUG:hpbandster:DISPATCHER: Starting worker discovery
DEBUG:hpbandster:DISPATCHER: Found 1 potential workers, 1 currently in the pool.
DEBUG:hpbandster:DISPATCHER: Finished worker discovery
DEBUG:hpbandster:DISPATCHER: Starting worker discovery
DEBUG:hpbandster:DISPATCHER: Found 1 potential workers, 1 currently in the pool.
DEBUG:hpbandster:DISPATCHER: Finished worker discovery
DEBUG:hpbandster:DISPATCHER: Starting worker discovery
DEBUG:hpbandster:DISPATCHER: Found 1 potential workers, 1 currently in the pool.
DEBUG:hpbandster:DISPATCHER: Finished worker discovery
DEBUG:hpbandster:DISPATCHER: Starting worker discovery
DEBUG:hpbandster:DISPATCHER: Found 1 potential workers, 1 currently in the pool.
DEBUG:hpbandster:DISPATCHER: Finished worker discovery
DEBUG:hpbandster:DISPATCHER: Starting worker discovery
DEBUG:hpbandster:DISPATCHER: Found 1 potential workers, 1 currently in the pool.
DEBUG:hpbandster:DISPATCHER: Finished worker discovery
DEBUG:hpbandster:DISPATCHER: Starting worker discovery
DEBUG:hpbandster:DISPATCHER: Found 1 potential workers, 1 currently in the pool.
DEBUG:hpbandster:DISPATCHER: Finished worker discovery
DEBUG:hpbandster:DISPATCHER: Starting worker discovery
DEBUG:hpbandster:DISPATCHER: Found 1 potential workers, 1 currently in the pool.
DEBUG:hpbandster:DISPATCHER: Finished worker discovery
DEBUG:hpbandster:DISPATCHER: Starting worker discovery
DEBUG:hpbandster:DISPATCHER: Found 1 potential workers, 1 currently in the pool.
DEBUG:hpbandster:DISPATCHER: Finished worker discovery
DEBUG:hpbandster:DISPATCHER: Starting worker discovery
DEBUG:hpbandster:DISPATCHER: Found 1 potential workers, 1 currently in the pool.
DEBUG:hpbandster:DISPATCHER: Finished worker discovery
DEBUG:hpbandster:DISPATCHER: Starting worker discovery
DEBUG:hpbandster:DISPATCHER: Found 1 potential workers, 1 currently in the pool.
DEBUG:hpbandster:DISPATCHER: Finished worker discovery
DEBUG:hpbandster:DISPATCHER: Starting worker discovery
DEBUG:hpbandster:DISPATCHER: Found 1 potential workers, 1 currently in the pool.
DEBUG:hpbandster:DISPATCHER: Finished worker discovery
DEBUG:hpbandster:DISPATCHER: Starting worker discovery
DEBUG:hpbandster:DISPATCHER: Found 1 potential workers, 1 currently in the pool.
DEBUG:hpbandster:DISPATCHER: Finished worker discovery
DEBUG:hpbandster:DISPATCHER: Starting worker discovery
DEBUG:hpbandster:DISPATCHER: Found 1 potential workers, 1 currently in the pool.
DEBUG:hpbandster:DISPATCHER: Finished worker discovery
DEBUG:hpbandster:DISPATCHER: Starting worker discovery
DEBUG:hpbandster:DISPATCHER: Found 1 potential workers, 1 currently in the pool.
DEBUG:hpbandster:DISPATCHER: Finished worker discovery
DEBUG:hpbandster:DISPATCHER: Starting worker discovery
DEBUG:hpbandster:DISPATCHER: Found 1 potential workers, 1 currently in the pool.
DEBUG:hpbandster:DISPATCHER: Finished worker discovery
DEBUG:hpbandster:DISPATCHER: Starting worker discovery
DEBUG:hpbandster:DISPATCHER: Found 1 potential workers, 1 currently in the pool.
DEBUG:hpbandster:DISPATCHER: Finished worker discovery
DEBUG:hpbandster:DISPATCHER: Starting worker discovery
DEBUG:hpbandster:DISPATCHER: Found 1 potential workers, 1 currently in the pool.
DEBUG:hpbandster:DISPATCHER: Finished worker discovery
DEBUG:hpbandster:DISPATCHER: Starting worker discovery
DEBUG:hpbandster:DISPATCHER: Found 1 potential workers, 1 currently in the pool.
DEBUG:hpbandster:DISPATCHER: Finished worker discovery
DEBUG:hpbandster:DISPATCHER: Starting worker discovery
DEBUG:hpbandster:DISPATCHER: Found 1 potential workers, 1 currently in the pool.
DEBUG:hpbandster:DISPATCHER: Finished worker discovery
DEBUG:hpbandster:DISPATCHER: Starting worker discovery
DEBUG:hpbandster:DISPATCHER: Found 1 potential workers, 1 currently in the pool.
DEBUG:hpbandster:DISPATCHER: Finished worker discovery
DEBUG:hpbandster:DISPATCHER: Starting worker discovery
DEBUG:hpbandster:DISPATCHER: Found 1 potential workers, 1 currently in the pool.
DEBUG:hpbandster:DISPATCHER: Finished worker discovery
DEBUG:hpbandster:DISPATCHER: Starting worker discovery
DEBUG:hpbandster:DISPATCHER: Found 1 potential workers, 1 currently in the pool.
DEBUG:hpbandster:DISPATCHER: Finished worker discovery
DEBUG:hpbandster:DISPATCHER: Starting worker discovery
DEBUG:hpbandster:DISPATCHER: Found 1 potential workers, 1 currently in the pool.
DEBUG:hpbandster:DISPATCHER: Finished worker discovery
