INFO:root:Model:

 
INFO:root:Layers: [512]
INFO:root:Loss: tensor(2.9784, device='cuda:0')
INFO:root:Model:

 
INFO:root:Layers: [512]
INFO:root:Loss: tensor(3.0161, device='cuda:0')
INFO:root:epochs: 160
INFO:root:Model:

 
INFO:root:Layers: [1024]
INFO:root:Loss: tensor(2.8252, device='cuda:0')
INFO:root:epochs: 242
INFO:root:Model:

 
INFO:root:Layers: [4096, 1024]
INFO:root:Loss: tensor(2.5613, device='cuda:0')
INFO:root:epochs: 210
INFO:root:Model:

 
INFO:root:Layers: [2048, 256]
INFO:root:Loss: tensor(2.9527, device='cuda:0')
INFO:root:epochs: 202
INFO:root:Model:

 
INFO:root:Layers: [4096, 1024, 256]
INFO:root:Loss: tensor(2.5352, device='cuda:0')
INFO:root:epochs: 389
INFO:root:Model:

 
INFO:root:Layers: [8192, 4096, 2048, 1024]
INFO:root:Loss: tensor(3.6769, device='cuda:0')
INFO:root:epochs: 264
INFO:root:layers for best model: [1024]
INFO:root:val loss for best model: tensor(2.8522, device='cuda:0')
INFO:root:Model:

 
INFO:root:Layers: [512]
INFO:root:Loss: tensor(2.9517, device='cuda:0')
INFO:root:epochs: 264
INFO:root:Model:

 
INFO:root:Layers: [1024]
INFO:root:Loss: tensor(2.8686, device='cuda:0')
INFO:root:epochs: 159
INFO:root:Model:

 
INFO:root:Layers: [4096, 1024]
INFO:root:Loss: tensor(2.5935, device='cuda:0')
INFO:root:epochs: 218
INFO:root:Model:

 
INFO:root:Layers: [2048, 256]
INFO:root:Loss: tensor(2.6708, device='cuda:0')
INFO:root:epochs: 271
INFO:root:Model:

 
INFO:root:Layers: [4096, 1024, 256]
INFO:root:Loss: tensor(2.7611, device='cuda:0')
INFO:root:epochs: 242
INFO:root:Model:

 
INFO:root:Layers: [256]
INFO:root:Loss: tensor(3.1881, device='cuda:0')
INFO:root:epochs: 313
INFO:root:Model:

 
INFO:root:Layers: [512]
INFO:root:Loss: tensor(2.9124, device='cuda:0')
INFO:root:epochs: 313
INFO:root:Model:

 
INFO:root:Layers: [1024]
INFO:root:Loss: tensor(2.9082, device='cuda:0')
INFO:root:epochs: 180
INFO:root:Model:

 
INFO:root:Layers: [4096, 1024]
INFO:root:Loss: tensor(2.5467, device='cuda:0')
INFO:root:epochs: 207
INFO:root:Model:

 
INFO:root:Layers: [2048, 256]
INFO:root:Loss: tensor(2.8026, device='cuda:0')
INFO:root:epochs: 255
INFO:root:Model:

 
INFO:root:Layers: [4096, 1024, 256]
INFO:root:Loss: tensor(2.5636, device='cuda:0')
INFO:root:epochs: 361
INFO:root:layers for best model: [4096, 1024]
INFO:root:val loss for best model: tensor(2.5467, device='cuda:0')
