INFO:root:Model:

 
INFO:root:Layers: [512]
INFO:root:Loss: tensor(2.9784, device='cuda:0')
INFO:root:Model:

 
INFO:root:Layers: [512]
INFO:root:Loss: tensor(3.0161, device='cuda:0')
INFO:root:epochs: 160
INFO:root:Model:

 
INFO:root:Layers: [1024]
INFO:root:Loss: tensor(2.8252, device='cuda:0')
INFO:root:epochs: 242
INFO:root:Model:

 
INFO:root:Layers: [4096, 1024]
INFO:root:Loss: tensor(2.5613, device='cuda:0')
INFO:root:epochs: 210
INFO:root:Model:

 
INFO:root:Layers: [2048, 256]
INFO:root:Loss: tensor(2.9527, device='cuda:0')
INFO:root:epochs: 202
INFO:root:Model:

 
INFO:root:Layers: [4096, 1024, 256]
INFO:root:Loss: tensor(2.5352, device='cuda:0')
INFO:root:epochs: 389
