INFO:root:Layers: [256]
INFO:root:Loss: tensor(3.1881, device='cuda:0')
INFO:root:epochs: 313
INFO:root:Model:

 
INFO:root:Layers: [512]
INFO:root:Loss: tensor(2.9124, device='cuda:0')
INFO:root:epochs: 313
INFO:root:Model:

 
INFO:root:Layers: [1024]
INFO:root:Loss: tensor(2.9082, device='cuda:0')
INFO:root:epochs: 180
INFO:root:Model:

 
INFO:root:Layers: [4096, 1024]
INFO:root:Loss: tensor(2.5467, device='cuda:0')
INFO:root:epochs: 207
INFO:root:Model:

 
INFO:root:Layers: [2048, 256]
INFO:root:Loss: tensor(2.8026, device='cuda:0')
INFO:root:epochs: 255
INFO:root:Model:

 
INFO:root:Layers: [4096, 1024, 256]
INFO:root:Loss: tensor(2.5636, device='cuda:0')
INFO:root:epochs: 361
INFO:root:layers for best model: [4096, 1024]
INFO:root:val loss for best model: tensor(2.5467, device='cuda:0')
